<?xml version="1.0" encoding="UTF-8"?>
<testsuite name="ru.netology.rest.MobileBankApiV2Test" tests="1" skipped="0" failures="0" errors="0" timestamp="2020-05-30T18:02:12" hostname="MacBook-Air-lada.local" time="3.166">
  <properties/>
  <testcase name="shouldReturnDemoAccounts()" classname="ru.netology.rest.MobileBankApiV2Test" time="3.166"/>
  <system-out><![CDATA[]]></system-out>
  <system-err><![CDATA[]]></system-err>
</testsuite>
