<?xml version="1.0" encoding="UTF-8"?>
<testsuite name="ru.netology.rest.MobileBankApiTestV1" tests="1" skipped="0" failures="0" errors="0" timestamp="2020-05-30T18:02:19" hostname="MacBook-Air-lada.local" time="0.038">
  <properties/>
  <testcase name="shouldReturnDemoAccounts()" classname="ru.netology.rest.MobileBankApiTestV1" time="0.038"/>
  <system-out><![CDATA[]]></system-out>
  <system-err><![CDATA[]]></system-err>
</testsuite>
